<?xml version="1.0" encoding="UTF-8"?>
<testng-results skipped="0" failed="0" ignored="0" total="1" passed="1">
  <reporter-output>
  </reporter-output>
  <suite name="Default suite" duration-ms="27171" started-at="2023-10-15T00:36:50 IST" finished-at="2023-10-15T00:37:17 IST">
    <groups>
    </groups>
    <test name="Default test" duration-ms="27171" started-at="2023-10-15T00:36:50 IST" finished-at="2023-10-15T00:37:17 IST">
      <class name="com.qa.testng.tests.WebElementScreenShotTest">
        <test-method status="PASS" signature="lanch()[pri:0, instance:com.qa.testng.tests.WebElementScreenShotTest@2833cc44]" name="lanch" is-config="true" duration-ms="19819" started-at="2023-10-15T00:36:50 IST" finished-at="2023-10-15T00:37:10 IST">
          <reporter-output>
          </reporter-output>
        </test-method> <!-- lanch -->
        <test-method status="PASS" signature="doLogin()[pri:0, instance:com.qa.testng.tests.WebElementScreenShotTest@2833cc44]" name="doLogin" duration-ms="5898" started-at="2023-10-15T00:37:10 IST" finished-at="2023-10-15T00:37:16 IST">
          <reporter-output>
          </reporter-output>
        </test-method> <!-- doLogin -->
        <test-method status="PASS" signature="teardown()[pri:0, instance:com.qa.testng.tests.WebElementScreenShotTest@2833cc44]" name="teardown" is-config="true" duration-ms="1351" started-at="2023-10-15T00:37:16 IST" finished-at="2023-10-15T00:37:17 IST">
          <reporter-output>
          </reporter-output>
        </test-method> <!-- teardown -->
      </class> <!-- com.qa.testng.tests.WebElementScreenShotTest -->
    </test> <!-- Default test -->
  </suite> <!-- Default suite -->
</testng-results>
